<?xml version="1.0" encoding="UTF-8" ?>
<testsuites>
  <testsuite errors="0" failures="0" hostname="hal9000" id="0" name="UsuarioTests" package="biblioteca" tests="4" time="1.438" timestamp="2011-05-19T10:58:39">
      <properties />

      <testcase classname="biblioteca.UsuarioTests" name="testValidateShortLoginFailure" time="1.26" />

      <testcase classname="biblioteca.UsuarioTests" name="testValidateLongLoginFailure" time="0.041" />

      <testcase classname="biblioteca.UsuarioTests" name="testValidateEmailFailure" time="0.078" />

      <testcase classname="biblioteca.UsuarioTests" name="testString" time="0.039" />

      <system-out><![CDATA[--Output from testValidateShortLoginFailure--
--Output from testValidateLongLoginFailure--
--Output from testValidateEmailFailure--
--Output from testString--
]]></system-out>

      <system-err><![CDATA[--Output from testValidateShortLoginFailure--
--Output from testValidateLongLoginFailure--
--Output from testValidateEmailFailure--
--Output from testString--
]]></system-err>

  </testsuite>
</testsuites>
