<?xml version="1.0" encoding="UTF-8" ?>
<testsuites>
  <testsuite errors="0" failures="0" hostname="hal9000" id="0" name="LibroControllerTests" package="biblioteca" tests="1" time="0.026" timestamp="2011-05-18T20:19:21">
      <properties />

      <testcase classname="biblioteca.LibroControllerTests" name="testSomething" time="0.023" />

      <system-out><![CDATA[--Output from testSomething--
]]></system-out>

      <system-err><![CDATA[--Output from testSomething--
]]></system-err>

  </testsuite>
  <testsuite errors="2" failures="0" hostname="hal9000" id="1" name="LibroTests" package="biblioteca" tests="2" time="0.142" timestamp="2011-05-18T20:19:22">
      <properties />

      <testcase classname="biblioteca.LibroTests" name="testPersist" time="0.095">
          <error message="No signature of method: static biblioteca.Libro.list() is applicable for argument types: () values: [] Possible solutions: is(java.lang.Object), wait(), wait(long), use([Ljava.lang.Object;), split(groovy.lang.Closure), find(groovy.lang.Closure)" type="groovy.lang.MissingMethodException">groovy.lang.MissingMethodException: No signature of method: static biblioteca.Libro.list() is applicable for argument types: () values: []
Possible solutions: is(java.lang.Object), wait(), wait(long), use([Ljava.lang.Object;), split(groovy.lang.Closure), find(groovy.lang.Closure)
	at biblioteca.LibroTests.setUp(LibroTests.groovy:8)
</error>

      </testcase>

      <testcase classname="biblioteca.LibroTests" name="testToString" time="0.042">
          <error message="No signature of method: static biblioteca.Libro.list() is applicable for argument types: () values: [] Possible solutions: is(java.lang.Object), wait(), wait(long), use([Ljava.lang.Object;), split(groovy.lang.Closure), find(groovy.lang.Closure)" type="groovy.lang.MissingMethodException">groovy.lang.MissingMethodException: No signature of method: static biblioteca.Libro.list() is applicable for argument types: () values: []
Possible solutions: is(java.lang.Object), wait(), wait(long), use([Ljava.lang.Object;), split(groovy.lang.Closure), find(groovy.lang.Closure)
	at biblioteca.LibroTests.setUp(LibroTests.groovy:8)
</error>

      </testcase>

      <system-out><![CDATA[--Output from testPersist--
--Output from testToString--
]]></system-out>

      <system-err><![CDATA[--Output from testPersist--
--Output from testToString--
]]></system-err>

  </testsuite>
  <testsuite errors="0" failures="0" hostname="hal9000" id="2" name="OperacionControllerTests" package="biblioteca" tests="1" time="0.6" timestamp="2011-05-18T20:19:21">
      <properties />

      <testcase classname="biblioteca.OperacionControllerTests" name="testSomething" time="0.597" />

      <system-out><![CDATA[--Output from testSomething--
]]></system-out>

      <system-err><![CDATA[--Output from testSomething--
]]></system-err>

  </testsuite>
  <testsuite errors="0" failures="0" hostname="hal9000" id="3" name="OperacionTests" package="biblioteca" tests="1" time="0.0090" timestamp="2011-05-18T20:19:21">
      <properties />

      <testcase classname="biblioteca.OperacionTests" name="testSomething" time="0.0020" />

      <system-out><![CDATA[--Output from testSomething--
]]></system-out>

      <system-err><![CDATA[--Output from testSomething--
]]></system-err>

  </testsuite>
  <testsuite errors="0" failures="0" hostname="hal9000" id="4" name="UsuarioControllerTests" package="biblioteca" tests="1" time="0.037" timestamp="2011-05-18T20:19:21">
      <properties />

      <testcase classname="biblioteca.UsuarioControllerTests" name="testSomething" time="0.025" />

      <system-out><![CDATA[--Output from testSomething--
]]></system-out>

      <system-err><![CDATA[--Output from testSomething--
]]></system-err>

  </testsuite>
  <testsuite errors="0" failures="0" hostname="hal9000" id="5" name="UsuarioTests" package="biblioteca" tests="1" time="0.366" timestamp="2011-05-18T20:19:20">
      <properties />

      <testcase classname="biblioteca.UsuarioTests" name="testSomething" time="0.334" />

      <system-out><![CDATA[--Output from testSomething--
]]></system-out>

      <system-err><![CDATA[--Output from testSomething--
]]></system-err>

  </testsuite>
</testsuites>
